{"level":"info","message":"::1 - - [28/Oct/2016:14:51:23 +0000] \"GET / HTTP/1.1\" 404 13\n","timestamp":"2016-10-28T14:51:23.383Z"}
{"level":"info","message":"::1 - - [28/Oct/2016:14:51:23 +0000] \"GET /favicon.ico HTTP/1.1\" 404 24\n","timestamp":"2016-10-28T14:51:23.539Z"}
{"level":"info","message":"::1 - - [28/Oct/2016:14:51:35 +0000] \"GET /index.html HTTP/1.1\" 404 23\n","timestamp":"2016-10-28T14:51:35.760Z"}
{"level":"info","message":"::1 - - [28/Oct/2016:14:53:47 +0000] \"GET / HTTP/1.1\" 500 1828\n","timestamp":"2016-10-28T14:53:47.184Z"}
{"level":"info","message":"::1 - - [28/Oct/2016:14:54:20 +0000] \"GET / HTTP/1.1\" 500 1828\n","timestamp":"2016-10-28T14:54:20.772Z"}
{"level":"info","message":"::1 - - [28/Oct/2016:14:54:29 +0000] \"GET / HTTP/1.1\" 500 1828\n","timestamp":"2016-10-28T14:54:29.922Z"}
{"level":"info","message":"::1 - - [28/Oct/2016:14:55:53 +0000] \"GET / HTTP/1.1\" 500 1828\n","timestamp":"2016-10-28T14:55:53.045Z"}
{"level":"info","message":"::1 - - [28/Oct/2016:14:56:31 +0000] \"GET / HTTP/1.1\" 500 1828\n","timestamp":"2016-10-28T14:56:31.280Z"}
{"level":"info","message":"::1 - - [28/Oct/2016:14:56:43 +0000] \"GET / HTTP/1.1\" 500 1828\n","timestamp":"2016-10-28T14:56:43.831Z"}
{"level":"info","message":"::1 - - [28/Oct/2016:15:09:44 +0000] \"GET /static/index.html HTTP/1.1\" 404 30\n","timestamp":"2016-10-28T15:09:44.477Z"}
{"level":"info","message":"::1 - - [28/Oct/2016:15:10:25 +0000] \"GET / HTTP/1.1\" 500 1828\n","timestamp":"2016-10-28T15:10:25.326Z"}
{"level":"info","message":"::1 - - [28/Oct/2016:15:12:12 +0000] \"GET / HTTP/1.1\" 500 1828\n","timestamp":"2016-10-28T15:12:12.751Z"}
{"level":"info","message":"::1 - - [28/Oct/2016:15:12:19 +0000] \"GET / HTTP/1.1\" 500 1828\n","timestamp":"2016-10-28T15:12:19.455Z"}
{"level":"info","message":"::1 - - [28/Oct/2016:17:54:55 +0000] \"GET /index.html HTTP/1.1\" 200 835\n","timestamp":"2016-10-28T17:54:55.349Z"}
{"level":"info","message":"::1 - - [28/Oct/2016:17:54:55 +0000] \"GET /libs/bootstrap/dist/js/bootstrap.min.js HTTP/1.1\" 200 37045\n","timestamp":"2016-10-28T17:54:55.506Z"}
{"level":"info","message":"::1 - - [28/Oct/2016:17:54:55 +0000] \"GET /libs/angular-bootstrap/ui-bootstrap.min.js HTTP/1.1\" 200 101825\n","timestamp":"2016-10-28T17:54:55.512Z"}
{"level":"info","message":"::1 - - [28/Oct/2016:17:54:55 +0000] \"GET /libs/bootstrap/dist/css/bootstrap.min.css HTTP/1.1\" 200 121200\n","timestamp":"2016-10-28T17:54:55.514Z"}
{"level":"info","message":"::1 - - [28/Oct/2016:17:54:55 +0000] \"GET /libs/angular/angular.min.js HTTP/1.1\" 200 160048\n","timestamp":"2016-10-28T17:54:55.532Z"}
{"level":"info","message":"::1 - - [28/Oct/2016:17:54:55 +0000] \"GET /libs/jquery/dist/jquery.js HTTP/1.1\" 200 267194\n","timestamp":"2016-10-28T17:54:55.653Z"}
{"level":"info","message":"::1 - - [28/Oct/2016:18:21:00 +0000] \"GET /index.html HTTP/1.1\" 200 2855\n","timestamp":"2016-10-28T18:21:00.570Z"}
{"level":"info","message":"::1 - - [28/Oct/2016:18:21:00 +0000] \"GET /libs/bootstrap/dist/css/bootstrap.min.css HTTP/1.1\" 304 -\n","timestamp":"2016-10-28T18:21:00.602Z"}
{"level":"info","message":"::1 - - [28/Oct/2016:18:21:00 +0000] \"GET /libs/jquery/dist/jquery.js HTTP/1.1\" 304 -\n","timestamp":"2016-10-28T18:21:00.608Z"}
{"level":"info","message":"::1 - - [28/Oct/2016:18:21:00 +0000] \"GET /libs/bootstrap/dist/js/bootstrap.min.js HTTP/1.1\" 304 -\n","timestamp":"2016-10-28T18:21:00.614Z"}
{"level":"info","message":"::1 - - [28/Oct/2016:18:21:00 +0000] \"GET /libs/angular/angular.min.js HTTP/1.1\" 304 -\n","timestamp":"2016-10-28T18:21:00.615Z"}
{"level":"info","message":"::1 - - [28/Oct/2016:18:21:00 +0000] \"GET /libs/angular-bootstrap/ui-bootstrap.min.js HTTP/1.1\" 304 -\n","timestamp":"2016-10-28T18:21:00.616Z"}
{"level":"info","message":"::1 - - [28/Oct/2016:18:21:00 +0000] \"GET /libs/bootstrap-submenu/dist/css/bootstrap-submenu.min.css HTTP/1.1\" 200 5056\n","timestamp":"2016-10-28T18:21:00.619Z"}
{"level":"info","message":"::1 - - [28/Oct/2016:18:21:35 +0000] \"GET /index.html HTTP/1.1\" 200 2857\n","timestamp":"2016-10-28T18:21:35.825Z"}
{"level":"info","message":"::1 - - [28/Oct/2016:18:21:35 +0000] \"GET /libs/bootstrap/dist/css/bootstrap.min.css HTTP/1.1\" 304 -\n","timestamp":"2016-10-28T18:21:35.851Z"}
{"level":"info","message":"::1 - - [28/Oct/2016:18:21:35 +0000] \"GET /libs/jquery/dist/jquery.js HTTP/1.1\" 304 -\n","timestamp":"2016-10-28T18:21:35.852Z"}
{"level":"info","message":"::1 - - [28/Oct/2016:18:21:35 +0000] \"GET /libs/bootstrap/dist/js/bootstrap.min.js HTTP/1.1\" 304 -\n","timestamp":"2016-10-28T18:21:35.853Z"}
{"level":"info","message":"::1 - - [28/Oct/2016:18:21:35 +0000] \"GET /libs/angular/angular.min.js HTTP/1.1\" 304 -\n","timestamp":"2016-10-28T18:21:35.853Z"}
{"level":"info","message":"::1 - - [28/Oct/2016:18:21:35 +0000] \"GET /libs/angular-bootstrap/ui-bootstrap.min.js HTTP/1.1\" 304 -\n","timestamp":"2016-10-28T18:21:35.854Z"}
{"level":"info","message":"::1 - - [28/Oct/2016:18:21:35 +0000] \"GET /libs/bootstrap-submenu/dist/css/bootstrap-submenu.min.css HTTP/1.1\" 304 -\n","timestamp":"2016-10-28T18:21:35.855Z"}
{"level":"info","message":"::1 - - [28/Oct/2016:18:21:59 +0000] \"GET /index.html HTTP/1.1\" 200 2857\n","timestamp":"2016-10-28T18:21:59.164Z"}
{"level":"info","message":"::1 - - [28/Oct/2016:18:21:59 +0000] \"GET /libs/bootstrap/dist/css/bootstrap.min.css HTTP/1.1\" 304 -\n","timestamp":"2016-10-28T18:21:59.196Z"}
{"level":"info","message":"::1 - - [28/Oct/2016:18:21:59 +0000] \"GET /libs/jquery/dist/jquery.js HTTP/1.1\" 304 -\n","timestamp":"2016-10-28T18:21:59.197Z"}
{"level":"info","message":"::1 - - [28/Oct/2016:18:21:59 +0000] \"GET /libs/bootstrap/dist/js/bootstrap.min.js HTTP/1.1\" 304 -\n","timestamp":"2016-10-28T18:21:59.199Z"}
{"level":"info","message":"::1 - - [28/Oct/2016:18:21:59 +0000] \"GET /libs/angular/angular.min.js HTTP/1.1\" 304 -\n","timestamp":"2016-10-28T18:21:59.223Z"}
{"level":"info","message":"::1 - - [28/Oct/2016:18:21:59 +0000] \"GET /libs/angular-bootstrap/ui-bootstrap.min.js HTTP/1.1\" 304 -\n","timestamp":"2016-10-28T18:21:59.226Z"}
{"level":"info","message":"::1 - - [28/Oct/2016:18:21:59 +0000] \"GET /libs/bootstrap-submenu/dist/css/bootstrap-submenu.min.css HTTP/1.1\" 304 -\n","timestamp":"2016-10-28T18:21:59.227Z"}
{"level":"info","message":"::1 - - [28/Oct/2016:18:24:12 +0000] \"GET /index.html HTTP/1.1\" 200 2925\n","timestamp":"2016-10-28T18:24:12.726Z"}
{"level":"info","message":"::1 - - [28/Oct/2016:18:24:12 +0000] \"GET /libs/bootstrap/dist/css/bootstrap.min.css HTTP/1.1\" 304 -\n","timestamp":"2016-10-28T18:24:12.753Z"}
{"level":"info","message":"::1 - - [28/Oct/2016:18:24:12 +0000] \"GET /libs/jquery/dist/jquery.js HTTP/1.1\" 304 -\n","timestamp":"2016-10-28T18:24:12.755Z"}
{"level":"info","message":"::1 - - [28/Oct/2016:18:24:12 +0000] \"GET /libs/bootstrap/dist/js/bootstrap.min.js HTTP/1.1\" 304 -\n","timestamp":"2016-10-28T18:24:12.759Z"}
{"level":"info","message":"::1 - - [28/Oct/2016:18:24:12 +0000] \"GET /libs/angular/angular.min.js HTTP/1.1\" 304 -\n","timestamp":"2016-10-28T18:24:12.760Z"}
{"level":"info","message":"::1 - - [28/Oct/2016:18:24:12 +0000] \"GET /libs/angular-bootstrap/ui-bootstrap.min.js HTTP/1.1\" 304 -\n","timestamp":"2016-10-28T18:24:12.777Z"}
{"level":"info","message":"::1 - - [28/Oct/2016:18:24:12 +0000] \"GET /libs/bootstrap-submenu/dist/css/bootstrap-submenu.min.css HTTP/1.1\" 304 -\n","timestamp":"2016-10-28T18:24:12.778Z"}
{"level":"info","message":"::1 - - [28/Oct/2016:18:30:53 +0000] \"GET /index.html HTTP/1.1\" 200 5989\n","timestamp":"2016-10-28T18:30:53.211Z"}
{"level":"info","message":"::1 - - [28/Oct/2016:18:30:53 +0000] \"GET /libs/bootstrap/dist/css/bootstrap.min.css HTTP/1.1\" 304 -\n","timestamp":"2016-10-28T18:30:53.253Z"}
{"level":"info","message":"::1 - - [28/Oct/2016:18:30:53 +0000] \"GET /libs/jquery/dist/jquery.js HTTP/1.1\" 304 -\n","timestamp":"2016-10-28T18:30:53.254Z"}
{"level":"info","message":"::1 - - [28/Oct/2016:18:30:53 +0000] \"GET /libs/bootstrap/dist/js/bootstrap.min.js HTTP/1.1\" 304 -\n","timestamp":"2016-10-28T18:30:53.257Z"}
{"level":"info","message":"::1 - - [28/Oct/2016:18:30:53 +0000] \"GET /libs/angular/angular.min.js HTTP/1.1\" 304 -\n","timestamp":"2016-10-28T18:30:53.258Z"}
{"level":"info","message":"::1 - - [28/Oct/2016:18:30:53 +0000] \"GET /libs/angular-bootstrap/ui-bootstrap.min.js HTTP/1.1\" 304 -\n","timestamp":"2016-10-28T18:30:53.261Z"}
{"level":"info","message":"::1 - - [28/Oct/2016:18:30:53 +0000] \"GET /libs/bootstrap-submenu/dist/css/bootstrap-submenu.min.css HTTP/1.1\" 304 -\n","timestamp":"2016-10-28T18:30:53.278Z"}
{"level":"info","message":"::1 - - [28/Oct/2016:18:37:30 +0000] \"GET /index.html HTTP/1.1\" 200 6178\n","timestamp":"2016-10-28T18:37:30.402Z"}
{"level":"info","message":"::1 - - [28/Oct/2016:18:37:30 +0000] \"GET /libs/bootstrap/dist/css/bootstrap.min.css HTTP/1.1\" 304 -\n","timestamp":"2016-10-28T18:37:30.435Z"}
{"level":"info","message":"::1 - - [28/Oct/2016:18:37:30 +0000] \"GET /libs/jquery/dist/jquery.js HTTP/1.1\" 304 -\n","timestamp":"2016-10-28T18:37:30.436Z"}
{"level":"info","message":"::1 - - [28/Oct/2016:18:37:30 +0000] \"GET /libs/bootstrap/dist/js/bootstrap.min.js HTTP/1.1\" 304 -\n","timestamp":"2016-10-28T18:37:30.440Z"}
{"level":"info","message":"::1 - - [28/Oct/2016:18:37:30 +0000] \"GET /libs/angular/angular.min.js HTTP/1.1\" 304 -\n","timestamp":"2016-10-28T18:37:30.441Z"}
{"level":"info","message":"::1 - - [28/Oct/2016:18:37:30 +0000] \"GET /libs/angular-bootstrap/ui-bootstrap.min.js HTTP/1.1\" 304 -\n","timestamp":"2016-10-28T18:37:30.463Z"}
{"level":"info","message":"::1 - - [28/Oct/2016:18:37:30 +0000] \"GET /libs/bootstrap-submenu/dist/css/bootstrap-submenu.min.css HTTP/1.1\" 304 -\n","timestamp":"2016-10-28T18:37:30.465Z"}
{"level":"info","message":"::1 - - [28/Oct/2016:18:40:29 +0000] \"GET /index.html HTTP/1.1\" 200 9751\n","timestamp":"2016-10-28T18:40:29.484Z"}
{"level":"info","message":"::1 - - [28/Oct/2016:18:40:29 +0000] \"GET /libs/bootstrap/dist/css/bootstrap.min.css HTTP/1.1\" 304 -\n","timestamp":"2016-10-28T18:40:29.515Z"}
{"level":"info","message":"::1 - - [28/Oct/2016:18:40:29 +0000] \"GET /libs/jquery/dist/jquery.js HTTP/1.1\" 304 -\n","timestamp":"2016-10-28T18:40:29.524Z"}
{"level":"info","message":"::1 - - [28/Oct/2016:18:40:29 +0000] \"GET /libs/bootstrap/dist/js/bootstrap.min.js HTTP/1.1\" 304 -\n","timestamp":"2016-10-28T18:40:29.525Z"}
{"level":"info","message":"::1 - - [28/Oct/2016:18:40:29 +0000] \"GET /libs/angular/angular.min.js HTTP/1.1\" 304 -\n","timestamp":"2016-10-28T18:40:29.529Z"}
{"level":"info","message":"::1 - - [28/Oct/2016:18:40:29 +0000] \"GET /libs/angular-bootstrap/ui-bootstrap.min.js HTTP/1.1\" 304 -\n","timestamp":"2016-10-28T18:40:29.535Z"}
{"level":"info","message":"::1 - - [28/Oct/2016:18:40:29 +0000] \"GET /libs/bootstrap-submenu/dist/css/bootstrap-submenu.min.css HTTP/1.1\" 304 -\n","timestamp":"2016-10-28T18:40:29.537Z"}
{"level":"info","message":"::1 - - [28/Oct/2016:18:42:10 +0000] \"GET /index.html HTTP/1.1\" 200 9873\n","timestamp":"2016-10-28T18:42:10.700Z"}
{"level":"info","message":"::1 - - [28/Oct/2016:18:42:10 +0000] \"GET /libs/bootstrap/dist/css/bootstrap.min.css HTTP/1.1\" 304 -\n","timestamp":"2016-10-28T18:42:10.732Z"}
{"level":"info","message":"::1 - - [28/Oct/2016:18:42:10 +0000] \"GET /libs/bootstrap-submenu/dist/css/bootstrap-submenu.min.css HTTP/1.1\" 304 -\n","timestamp":"2016-10-28T18:42:10.732Z"}
{"level":"info","message":"::1 - - [28/Oct/2016:18:42:10 +0000] \"GET /libs/jquery/dist/jquery.js HTTP/1.1\" 304 -\n","timestamp":"2016-10-28T18:42:10.732Z"}
{"level":"info","message":"::1 - - [28/Oct/2016:18:42:10 +0000] \"GET /libs/bootstrap/dist/js/bootstrap.min.js HTTP/1.1\" 304 -\n","timestamp":"2016-10-28T18:42:10.733Z"}
{"level":"info","message":"::1 - - [28/Oct/2016:18:42:10 +0000] \"GET /libs/angular/angular.min.js HTTP/1.1\" 304 -\n","timestamp":"2016-10-28T18:42:10.744Z"}
{"level":"info","message":"::1 - - [28/Oct/2016:18:42:10 +0000] \"GET /libs/angular-bootstrap/ui-bootstrap.min.js HTTP/1.1\" 304 -\n","timestamp":"2016-10-28T18:42:10.744Z"}
{"level":"info","message":"::1 - - [28/Oct/2016:18:42:10 +0000] \"GET /libs/bootstrap-submenu/dist/css/bootstrap-submenu.min.css HTTP/1.1\" 304 -\n","timestamp":"2016-10-28T18:42:10.805Z"}
{"level":"info","message":"::1 - - [28/Oct/2016:18:44:36 +0000] \"GET /index.html HTTP/1.1\" 200 9964\n","timestamp":"2016-10-28T18:44:36.094Z"}
{"level":"info","message":"::1 - - [28/Oct/2016:18:44:36 +0000] \"GET /libs/bootstrap-submenu/dist/css/bootstrap-submenu.min.css HTTP/1.1\" 304 -\n","timestamp":"2016-10-28T18:44:36.128Z"}
{"level":"info","message":"::1 - - [28/Oct/2016:18:44:36 +0000] \"GET /libs/bootstrap/dist/css/bootstrap.min.css HTTP/1.1\" 304 -\n","timestamp":"2016-10-28T18:44:36.128Z"}
{"level":"info","message":"::1 - - [28/Oct/2016:18:44:36 +0000] \"GET /libs/jquery/dist/jquery.js HTTP/1.1\" 304 -\n","timestamp":"2016-10-28T18:44:36.130Z"}
{"level":"info","message":"::1 - - [28/Oct/2016:18:44:36 +0000] \"GET /libs/bootstrap/dist/js/bootstrap.min.js HTTP/1.1\" 304 -\n","timestamp":"2016-10-28T18:44:36.135Z"}
{"level":"info","message":"::1 - - [28/Oct/2016:18:44:36 +0000] \"GET /libs/angular/angular.min.js HTTP/1.1\" 304 -\n","timestamp":"2016-10-28T18:44:36.135Z"}
{"level":"info","message":"::1 - - [28/Oct/2016:18:44:36 +0000] \"GET /libs/angular-bootstrap/ui-bootstrap.min.js HTTP/1.1\" 304 -\n","timestamp":"2016-10-28T18:44:36.135Z"}
{"level":"info","message":"::1 - - [28/Oct/2016:18:44:36 +0000] \"GET /libs/bootstrap-submenu/dist/css/bootstrap-submenu.min.css HTTP/1.1\" 304 -\n","timestamp":"2016-10-28T18:44:36.204Z"}
{"level":"info","message":"::1 - - [28/Oct/2016:18:46:07 +0000] \"GET /index.html HTTP/1.1\" 200 9963\n","timestamp":"2016-10-28T18:46:07.207Z"}
{"level":"info","message":"::1 - - [28/Oct/2016:18:46:07 +0000] \"GET /libs/bootstrap/dist/css/bootstrap.min.css HTTP/1.1\" 304 -\n","timestamp":"2016-10-28T18:46:07.241Z"}
{"level":"info","message":"::1 - - [28/Oct/2016:18:46:07 +0000] \"GET /libs/bootstrap-submenu/dist/css/bootstrap-submenu.min.css HTTP/1.1\" 304 -\n","timestamp":"2016-10-28T18:46:07.244Z"}
{"level":"info","message":"::1 - - [28/Oct/2016:18:46:07 +0000] \"GET /libs/jquery/dist/jquery.js HTTP/1.1\" 304 -\n","timestamp":"2016-10-28T18:46:07.245Z"}
{"level":"info","message":"::1 - - [28/Oct/2016:18:46:07 +0000] \"GET /libs/bootstrap/dist/js/bootstrap.min.js HTTP/1.1\" 304 -\n","timestamp":"2016-10-28T18:46:07.245Z"}
{"level":"info","message":"::1 - - [28/Oct/2016:18:46:07 +0000] \"GET /libs/angular/angular.min.js HTTP/1.1\" 304 -\n","timestamp":"2016-10-28T18:46:07.248Z"}
{"level":"info","message":"::1 - - [28/Oct/2016:18:46:07 +0000] \"GET /libs/angular-bootstrap/ui-bootstrap.min.js HTTP/1.1\" 304 -\n","timestamp":"2016-10-28T18:46:07.256Z"}
{"level":"info","message":"::1 - - [28/Oct/2016:18:46:07 +0000] \"GET /libs/bootstrap-submenu/dist/css/bootstrap-submenu.min.css HTTP/1.1\" 304 -\n","timestamp":"2016-10-28T18:46:07.306Z"}
{"level":"info","message":"::1 - - [28/Oct/2016:18:46:21 +0000] \"GET /index.html HTTP/1.1\" 200 9965\n","timestamp":"2016-10-28T18:46:21.848Z"}
{"level":"info","message":"::1 - - [28/Oct/2016:18:46:21 +0000] \"GET /libs/bootstrap-submenu/dist/css/bootstrap-submenu.min.css HTTP/1.1\" 304 -\n","timestamp":"2016-10-28T18:46:21.885Z"}
{"level":"info","message":"::1 - - [28/Oct/2016:18:46:21 +0000] \"GET /libs/jquery/dist/jquery.js HTTP/1.1\" 304 -\n","timestamp":"2016-10-28T18:46:21.887Z"}
{"level":"info","message":"::1 - - [28/Oct/2016:18:46:21 +0000] \"GET /libs/bootstrap/dist/js/bootstrap.min.js HTTP/1.1\" 304 -\n","timestamp":"2016-10-28T18:46:21.887Z"}
{"level":"info","message":"::1 - - [28/Oct/2016:18:46:21 +0000] \"GET /libs/bootstrap/dist/css/bootstrap.min.css HTTP/1.1\" 304 -\n","timestamp":"2016-10-28T18:46:21.887Z"}
{"level":"info","message":"::1 - - [28/Oct/2016:18:46:21 +0000] \"GET /libs/angular/angular.min.js HTTP/1.1\" 304 -\n","timestamp":"2016-10-28T18:46:21.888Z"}
{"level":"info","message":"::1 - - [28/Oct/2016:18:46:21 +0000] \"GET /libs/angular-bootstrap/ui-bootstrap.min.js HTTP/1.1\" 304 -\n","timestamp":"2016-10-28T18:46:21.888Z"}
{"level":"info","message":"::1 - - [28/Oct/2016:18:46:21 +0000] \"GET /libs/bootstrap-submenu/dist/css/bootstrap-submenu.min.css HTTP/1.1\" 304 -\n","timestamp":"2016-10-28T18:46:21.934Z"}
{"level":"info","message":"::1 - - [28/Oct/2016:18:46:42 +0000] \"GET /index.html HTTP/1.1\" 200 9963\n","timestamp":"2016-10-28T18:46:42.031Z"}
{"level":"info","message":"::1 - - [28/Oct/2016:18:46:42 +0000] \"GET /libs/bootstrap/dist/css/bootstrap.min.css HTTP/1.1\" 304 -\n","timestamp":"2016-10-28T18:46:42.061Z"}
{"level":"info","message":"::1 - - [28/Oct/2016:18:46:42 +0000] \"GET /libs/bootstrap-submenu/dist/css/bootstrap-submenu.min.css HTTP/1.1\" 304 -\n","timestamp":"2016-10-28T18:46:42.062Z"}
{"level":"info","message":"::1 - - [28/Oct/2016:18:46:42 +0000] \"GET /libs/jquery/dist/jquery.js HTTP/1.1\" 304 -\n","timestamp":"2016-10-28T18:46:42.064Z"}
{"level":"info","message":"::1 - - [28/Oct/2016:18:46:42 +0000] \"GET /libs/bootstrap/dist/js/bootstrap.min.js HTTP/1.1\" 304 -\n","timestamp":"2016-10-28T18:46:42.069Z"}
{"level":"info","message":"::1 - - [28/Oct/2016:18:46:42 +0000] \"GET /libs/angular/angular.min.js HTTP/1.1\" 304 -\n","timestamp":"2016-10-28T18:46:42.069Z"}
{"level":"info","message":"::1 - - [28/Oct/2016:18:46:42 +0000] \"GET /libs/angular-bootstrap/ui-bootstrap.min.js HTTP/1.1\" 304 -\n","timestamp":"2016-10-28T18:46:42.070Z"}
{"level":"info","message":"::1 - - [28/Oct/2016:18:46:42 +0000] \"GET /libs/bootstrap-submenu/dist/css/bootstrap-submenu.min.css HTTP/1.1\" 304 -\n","timestamp":"2016-10-28T18:46:42.138Z"}
{"level":"info","message":"::1 - - [28/Oct/2016:18:46:52 +0000] \"GET /index.html HTTP/1.1\" 200 9963\n","timestamp":"2016-10-28T18:46:52.078Z"}
{"level":"info","message":"::1 - - [28/Oct/2016:18:46:52 +0000] \"GET /libs/bootstrap/dist/css/bootstrap.min.css HTTP/1.1\" 304 -\n","timestamp":"2016-10-28T18:46:52.114Z"}
{"level":"info","message":"::1 - - [28/Oct/2016:18:46:52 +0000] \"GET /libs/bootstrap-submenu/dist/css/bootstrap-submenu.min.css HTTP/1.1\" 304 -\n","timestamp":"2016-10-28T18:46:52.115Z"}
{"level":"info","message":"::1 - - [28/Oct/2016:18:46:52 +0000] \"GET /libs/jquery/dist/jquery.js HTTP/1.1\" 304 -\n","timestamp":"2016-10-28T18:46:52.119Z"}
{"level":"info","message":"::1 - - [28/Oct/2016:18:46:52 +0000] \"GET /libs/bootstrap/dist/js/bootstrap.min.js HTTP/1.1\" 304 -\n","timestamp":"2016-10-28T18:46:52.125Z"}
{"level":"info","message":"::1 - - [28/Oct/2016:18:46:52 +0000] \"GET /libs/angular/angular.min.js HTTP/1.1\" 304 -\n","timestamp":"2016-10-28T18:46:52.126Z"}
{"level":"info","message":"::1 - - [28/Oct/2016:18:46:52 +0000] \"GET /libs/angular-bootstrap/ui-bootstrap.min.js HTTP/1.1\" 304 -\n","timestamp":"2016-10-28T18:46:52.128Z"}
{"level":"info","message":"::1 - - [28/Oct/2016:18:46:52 +0000] \"GET /libs/bootstrap-submenu/dist/css/bootstrap-submenu.min.css HTTP/1.1\" 304 -\n","timestamp":"2016-10-28T18:46:52.196Z"}
{"level":"info","message":"::1 - - [28/Oct/2016:18:47:11 +0000] \"GET /index.html HTTP/1.1\" 200 9964\n","timestamp":"2016-10-28T18:47:11.023Z"}
{"level":"info","message":"::1 - - [28/Oct/2016:18:47:11 +0000] \"GET /libs/bootstrap/dist/css/bootstrap.min.css HTTP/1.1\" 304 -\n","timestamp":"2016-10-28T18:47:11.053Z"}
{"level":"info","message":"::1 - - [28/Oct/2016:18:47:11 +0000] \"GET /libs/bootstrap-submenu/dist/css/bootstrap-submenu.min.css HTTP/1.1\" 304 -\n","timestamp":"2016-10-28T18:47:11.054Z"}
{"level":"info","message":"::1 - - [28/Oct/2016:18:47:11 +0000] \"GET /libs/jquery/dist/jquery.js HTTP/1.1\" 304 -\n","timestamp":"2016-10-28T18:47:11.056Z"}
{"level":"info","message":"::1 - - [28/Oct/2016:18:47:11 +0000] \"GET /libs/bootstrap/dist/js/bootstrap.min.js HTTP/1.1\" 304 -\n","timestamp":"2016-10-28T18:47:11.057Z"}
{"level":"info","message":"::1 - - [28/Oct/2016:18:47:11 +0000] \"GET /libs/angular/angular.min.js HTTP/1.1\" 304 -\n","timestamp":"2016-10-28T18:47:11.060Z"}
{"level":"info","message":"::1 - - [28/Oct/2016:18:47:11 +0000] \"GET /libs/angular-bootstrap/ui-bootstrap.min.js HTTP/1.1\" 304 -\n","timestamp":"2016-10-28T18:47:11.062Z"}
{"level":"info","message":"::1 - - [28/Oct/2016:18:47:11 +0000] \"GET /libs/bootstrap-submenu/dist/css/bootstrap-submenu.min.css HTTP/1.1\" 304 -\n","timestamp":"2016-10-28T18:47:11.122Z"}
{"level":"info","message":"::1 - - [28/Oct/2016:18:47:35 +0000] \"GET /index.html HTTP/1.1\" 200 9963\n","timestamp":"2016-10-28T18:47:35.322Z"}
{"level":"info","message":"::1 - - [28/Oct/2016:18:47:35 +0000] \"GET /libs/bootstrap/dist/css/bootstrap.min.css HTTP/1.1\" 304 -\n","timestamp":"2016-10-28T18:47:35.357Z"}
{"level":"info","message":"::1 - - [28/Oct/2016:18:47:35 +0000] \"GET /libs/bootstrap-submenu/dist/css/bootstrap-submenu.min.css HTTP/1.1\" 304 -\n","timestamp":"2016-10-28T18:47:35.364Z"}
{"level":"info","message":"::1 - - [28/Oct/2016:18:47:35 +0000] \"GET /libs/jquery/dist/jquery.js HTTP/1.1\" 304 -\n","timestamp":"2016-10-28T18:47:35.374Z"}
{"level":"info","message":"::1 - - [28/Oct/2016:18:47:35 +0000] \"GET /libs/bootstrap/dist/js/bootstrap.min.js HTTP/1.1\" 304 -\n","timestamp":"2016-10-28T18:47:35.374Z"}
{"level":"info","message":"::1 - - [28/Oct/2016:18:47:35 +0000] \"GET /libs/angular/angular.min.js HTTP/1.1\" 304 -\n","timestamp":"2016-10-28T18:47:35.375Z"}
{"level":"info","message":"::1 - - [28/Oct/2016:18:47:35 +0000] \"GET /libs/angular-bootstrap/ui-bootstrap.min.js HTTP/1.1\" 304 -\n","timestamp":"2016-10-28T18:47:35.375Z"}
{"level":"info","message":"::1 - - [28/Oct/2016:18:47:35 +0000] \"GET /libs/bootstrap-submenu/dist/css/bootstrap-submenu.min.css HTTP/1.1\" 304 -\n","timestamp":"2016-10-28T18:47:35.431Z"}
{"level":"info","message":"::1 - - [28/Oct/2016:18:51:42 +0000] \"GET /index.html HTTP/1.1\" 200 9957\n","timestamp":"2016-10-28T18:51:42.927Z"}
{"level":"info","message":"::1 - - [28/Oct/2016:18:51:42 +0000] \"GET /libs/bootstrap/dist/css/bootstrap.min.css HTTP/1.1\" 304 -\n","timestamp":"2016-10-28T18:51:42.970Z"}
{"level":"info","message":"::1 - - [28/Oct/2016:18:51:42 +0000] \"GET /libs/bootstrap-submenu/dist/css/bootstrap-submenu.min.css HTTP/1.1\" 304 -\n","timestamp":"2016-10-28T18:51:42.971Z"}
{"level":"info","message":"::1 - - [28/Oct/2016:18:51:42 +0000] \"GET /libs/jquery/dist/jquery.js HTTP/1.1\" 304 -\n","timestamp":"2016-10-28T18:51:42.973Z"}
{"level":"info","message":"::1 - - [28/Oct/2016:18:51:42 +0000] \"GET /libs/bootstrap/dist/js/bootstrap.min.js HTTP/1.1\" 304 -\n","timestamp":"2016-10-28T18:51:42.978Z"}
{"level":"info","message":"::1 - - [28/Oct/2016:18:51:42 +0000] \"GET /libs/angular/angular.min.js HTTP/1.1\" 304 -\n","timestamp":"2016-10-28T18:51:42.980Z"}
{"level":"info","message":"::1 - - [28/Oct/2016:18:51:42 +0000] \"GET /libs/angular-bootstrap/ui-bootstrap.min.js HTTP/1.1\" 304 -\n","timestamp":"2016-10-28T18:51:42.981Z"}
{"level":"info","message":"::1 - - [28/Oct/2016:18:51:43 +0000] \"GET /libs/bootstrap-submenu/dist/js/bootstrap-submenu.js HTTP/1.1\" 200 4773\n","timestamp":"2016-10-28T18:51:43.268Z"}
{"level":"info","message":"::1 - - [28/Oct/2016:19:02:30 +0000] \"GET /index.html HTTP/1.1\" 200 44825\n","timestamp":"2016-10-28T19:02:30.725Z"}
{"level":"info","message":"::1 - - [28/Oct/2016:19:02:30 +0000] \"GET /libs/bootstrap/dist/css/bootstrap.min.css HTTP/1.1\" 304 -\n","timestamp":"2016-10-28T19:02:30.764Z"}
{"level":"info","message":"::1 - - [28/Oct/2016:19:02:30 +0000] \"GET /libs/bootstrap/dist/css/bootstrap-theme.min.css HTTP/1.1\" 200 23409\n","timestamp":"2016-10-28T19:02:30.796Z"}
{"level":"info","message":"::1 - - [28/Oct/2016:19:02:30 +0000] \"GET /vendor/octicons/css/octicons.css HTTP/1.1\" 404 45\n","timestamp":"2016-10-28T19:02:30.846Z"}
{"level":"info","message":"::1 - - [28/Oct/2016:19:02:30 +0000] \"GET /vendor/highlight.js/css/zenburn.css HTTP/1.1\" 404 48\n","timestamp":"2016-10-28T19:02:30.853Z"}
{"level":"info","message":"::1 - - [28/Oct/2016:19:02:30 +0000] \"GET /libs/bootstrap-submenu/dist/css/bootstrap-submenu.min.css HTTP/1.1\" 304 -\n","timestamp":"2016-10-28T19:02:30.854Z"}
{"level":"info","message":"::1 - - [28/Oct/2016:19:02:30 +0000] \"GET /assets/css/docs.css HTTP/1.1\" 404 32\n","timestamp":"2016-10-28T19:02:30.856Z"}
{"level":"info","message":"::1 - - [28/Oct/2016:19:02:30 +0000] \"GET /libs/jquery/dist/jquery.js HTTP/1.1\" 304 -\n","timestamp":"2016-10-28T19:02:30.875Z"}
{"level":"info","message":"::1 - - [28/Oct/2016:19:02:30 +0000] \"GET /libs/bootstrap-submenu/dist/js/bootstrap-submenu.js HTTP/1.1\" 304 -\n","timestamp":"2016-10-28T19:02:30.885Z"}
{"level":"info","message":"::1 - - [28/Oct/2016:19:02:30 +0000] \"GET /assets/js/docs.js HTTP/1.1\" 404 30\n","timestamp":"2016-10-28T19:02:30.886Z"}
{"level":"info","message":"::1 - - [28/Oct/2016:19:02:30 +0000] \"GET /libs/bootstrap/dist/js/bootstrap.js HTTP/1.1\" 200 69707\n","timestamp":"2016-10-28T19:02:30.898Z"}
{"level":"info","message":"::1 - - [28/Oct/2016:19:03:56 +0000] \"GET /index.html HTTP/1.1\" 200 42950\n","timestamp":"2016-10-28T19:03:56.479Z"}
{"level":"info","message":"::1 - - [28/Oct/2016:19:03:56 +0000] \"GET /libs/bootstrap/dist/css/bootstrap.min.css HTTP/1.1\" 304 -\n","timestamp":"2016-10-28T19:03:56.512Z"}
{"level":"info","message":"::1 - - [28/Oct/2016:19:03:56 +0000] \"GET /libs/bootstrap/dist/css/bootstrap-theme.min.css HTTP/1.1\" 304 -\n","timestamp":"2016-10-28T19:03:56.516Z"}
{"level":"info","message":"::1 - - [28/Oct/2016:19:03:56 +0000] \"GET /vendor/octicons/css/octicons.css HTTP/1.1\" 404 45\n","timestamp":"2016-10-28T19:03:56.517Z"}
{"level":"info","message":"::1 - - [28/Oct/2016:19:03:56 +0000] \"GET /vendor/highlight.js/css/zenburn.css HTTP/1.1\" 404 48\n","timestamp":"2016-10-28T19:03:56.517Z"}
{"level":"info","message":"::1 - - [28/Oct/2016:19:03:56 +0000] \"GET /assets/css/docs.css HTTP/1.1\" 404 32\n","timestamp":"2016-10-28T19:03:56.517Z"}
{"level":"info","message":"::1 - - [28/Oct/2016:19:03:56 +0000] \"GET /libs/bootstrap-submenu/dist/css/bootstrap-submenu.min.css HTTP/1.1\" 304 -\n","timestamp":"2016-10-28T19:03:56.519Z"}
{"level":"info","message":"::1 - - [28/Oct/2016:19:03:56 +0000] \"GET /libs/jquery/dist/jquery.js HTTP/1.1\" 304 -\n","timestamp":"2016-10-28T19:03:56.922Z"}
{"level":"info","message":"::1 - - [28/Oct/2016:19:03:56 +0000] \"GET /libs/bootstrap/dist/js/bootstrap.js HTTP/1.1\" 304 -\n","timestamp":"2016-10-28T19:03:56.923Z"}
{"level":"info","message":"::1 - - [28/Oct/2016:19:03:56 +0000] \"GET /libs/bootstrap-submenu/dist/js/bootstrap-submenu.js HTTP/1.1\" 304 -\n","timestamp":"2016-10-28T19:03:56.924Z"}
{"level":"info","message":"::1 - - [28/Oct/2016:19:03:56 +0000] \"GET /assets/js/docs.js HTTP/1.1\" 404 30\n","timestamp":"2016-10-28T19:03:56.925Z"}
{"level":"info","message":"::1 - - [28/Oct/2016:19:04:18 +0000] \"GET /index.html HTTP/1.1\" 304 -\n","timestamp":"2016-10-28T19:04:18.219Z"}
{"level":"info","message":"::1 - - [28/Oct/2016:19:04:18 +0000] \"GET /libs/bootstrap/dist/css/bootstrap-theme.min.css HTTP/1.1\" 304 -\n","timestamp":"2016-10-28T19:04:18.252Z"}
{"level":"info","message":"::1 - - [28/Oct/2016:19:04:18 +0000] \"GET /libs/bootstrap/dist/css/bootstrap.min.css HTTP/1.1\" 304 -\n","timestamp":"2016-10-28T19:04:18.252Z"}
{"level":"info","message":"::1 - - [28/Oct/2016:19:04:18 +0000] \"GET /libs/bootstrap-submenu/dist/css/bootstrap-submenu.min.css HTTP/1.1\" 304 -\n","timestamp":"2016-10-28T19:04:18.255Z"}
{"level":"info","message":"::1 - - [28/Oct/2016:19:04:18 +0000] \"GET /vendor/octicons/css/octicons.css HTTP/1.1\" 404 45\n","timestamp":"2016-10-28T19:04:18.257Z"}
{"level":"info","message":"::1 - - [28/Oct/2016:19:04:18 +0000] \"GET /vendor/highlight.js/css/zenburn.css HTTP/1.1\" 404 48\n","timestamp":"2016-10-28T19:04:18.258Z"}
{"level":"info","message":"::1 - - [28/Oct/2016:19:04:18 +0000] \"GET /assets/css/docs.css HTTP/1.1\" 404 32\n","timestamp":"2016-10-28T19:04:18.258Z"}
{"level":"info","message":"::1 - - [28/Oct/2016:19:04:18 +0000] \"GET /libs/jquery/dist/jquery.js HTTP/1.1\" 304 -\n","timestamp":"2016-10-28T19:04:18.410Z"}
{"level":"info","message":"::1 - - [28/Oct/2016:19:04:18 +0000] \"GET /libs/bootstrap/dist/js/bootstrap.js HTTP/1.1\" 304 -\n","timestamp":"2016-10-28T19:04:18.411Z"}
{"level":"info","message":"::1 - - [28/Oct/2016:19:04:18 +0000] \"GET /libs/bootstrap-submenu/dist/js/bootstrap-submenu.js HTTP/1.1\" 304 -\n","timestamp":"2016-10-28T19:04:18.412Z"}
{"level":"info","message":"::1 - - [28/Oct/2016:19:04:18 +0000] \"GET /assets/js/docs.js HTTP/1.1\" 404 30\n","timestamp":"2016-10-28T19:04:18.413Z"}
{"level":"info","message":"::1 - - [28/Oct/2016:19:04:23 +0000] \"GET /index.html HTTP/1.1\" 304 -\n","timestamp":"2016-10-28T19:04:23.023Z"}
{"level":"info","message":"::1 - - [28/Oct/2016:19:04:23 +0000] \"GET /libs/bootstrap/dist/css/bootstrap.min.css HTTP/1.1\" 304 -\n","timestamp":"2016-10-28T19:04:23.070Z"}
{"level":"info","message":"::1 - - [28/Oct/2016:19:04:23 +0000] \"GET /libs/bootstrap/dist/css/bootstrap-theme.min.css HTTP/1.1\" 304 -\n","timestamp":"2016-10-28T19:04:23.072Z"}
{"level":"info","message":"::1 - - [28/Oct/2016:19:04:23 +0000] \"GET /vendor/octicons/css/octicons.css HTTP/1.1\" 404 45\n","timestamp":"2016-10-28T19:04:23.073Z"}
{"level":"info","message":"::1 - - [28/Oct/2016:19:04:23 +0000] \"GET /libs/bootstrap-submenu/dist/css/bootstrap-submenu.min.css HTTP/1.1\" 304 -\n","timestamp":"2016-10-28T19:04:23.073Z"}
{"level":"info","message":"::1 - - [28/Oct/2016:19:04:23 +0000] \"GET /vendor/highlight.js/css/zenburn.css HTTP/1.1\" 404 48\n","timestamp":"2016-10-28T19:04:23.206Z"}
{"level":"info","message":"::1 - - [28/Oct/2016:19:04:23 +0000] \"GET /assets/css/docs.css HTTP/1.1\" 404 32\n","timestamp":"2016-10-28T19:04:23.208Z"}
{"level":"info","message":"::1 - - [28/Oct/2016:19:04:23 +0000] \"GET /libs/jquery/dist/jquery.js HTTP/1.1\" 304 -\n","timestamp":"2016-10-28T19:04:23.237Z"}
{"level":"info","message":"::1 - - [28/Oct/2016:19:04:23 +0000] \"GET /libs/bootstrap/dist/js/bootstrap.js HTTP/1.1\" 304 -\n","timestamp":"2016-10-28T19:04:23.239Z"}
{"level":"info","message":"::1 - - [28/Oct/2016:19:04:23 +0000] \"GET /assets/js/docs.js HTTP/1.1\" 404 30\n","timestamp":"2016-10-28T19:04:23.242Z"}
{"level":"info","message":"::1 - - [28/Oct/2016:19:04:23 +0000] \"GET /libs/bootstrap-submenu/dist/js/bootstrap-submenu.js HTTP/1.1\" 304 -\n","timestamp":"2016-10-28T19:04:23.242Z"}
{"level":"info","message":"::1 - - [28/Oct/2016:19:04:29 +0000] \"GET /index.html HTTP/1.1\" 200 42831\n","timestamp":"2016-10-28T19:04:29.071Z"}
{"level":"info","message":"::1 - - [28/Oct/2016:19:04:29 +0000] \"GET /libs/bootstrap/dist/css/bootstrap.min.css HTTP/1.1\" 304 -\n","timestamp":"2016-10-28T19:04:29.112Z"}
{"level":"info","message":"::1 - - [28/Oct/2016:19:04:29 +0000] \"GET /libs/bootstrap/dist/css/bootstrap-theme.min.css HTTP/1.1\" 304 -\n","timestamp":"2016-10-28T19:04:29.113Z"}
{"level":"info","message":"::1 - - [28/Oct/2016:19:04:29 +0000] \"GET /libs/bootstrap-submenu/dist/css/bootstrap-submenu.min.css HTTP/1.1\" 304 -\n","timestamp":"2016-10-28T19:04:29.113Z"}
{"level":"info","message":"::1 - - [28/Oct/2016:19:04:29 +0000] \"GET /vendor/octicons/css/octicons.css HTTP/1.1\" 404 45\n","timestamp":"2016-10-28T19:04:29.115Z"}
{"level":"info","message":"::1 - - [28/Oct/2016:19:04:29 +0000] \"GET /vendor/highlight.js/css/zenburn.css HTTP/1.1\" 404 48\n","timestamp":"2016-10-28T19:04:29.122Z"}
{"level":"info","message":"::1 - - [28/Oct/2016:19:04:29 +0000] \"GET /assets/css/docs.css HTTP/1.1\" 404 32\n","timestamp":"2016-10-28T19:04:29.122Z"}
{"level":"info","message":"::1 - - [28/Oct/2016:19:04:29 +0000] \"GET /libs/jquery/dist/jquery.js HTTP/1.1\" 304 -\n","timestamp":"2016-10-28T19:04:29.140Z"}
{"level":"info","message":"::1 - - [28/Oct/2016:19:04:29 +0000] \"GET /libs/bootstrap/dist/js/bootstrap.js HTTP/1.1\" 304 -\n","timestamp":"2016-10-28T19:04:29.143Z"}
{"level":"info","message":"::1 - - [28/Oct/2016:19:04:29 +0000] \"GET /libs/bootstrap-submenu/dist/js/bootstrap-submenu.js HTTP/1.1\" 304 -\n","timestamp":"2016-10-28T19:04:29.145Z"}
{"level":"info","message":"::1 - - [28/Oct/2016:19:04:29 +0000] \"GET /assets/js/docs.js HTTP/1.1\" 404 30\n","timestamp":"2016-10-28T19:04:29.148Z"}
{"level":"info","message":"::1 - - [28/Oct/2016:19:04:58 +0000] \"GET /index.html HTTP/1.1\" 200 37002\n","timestamp":"2016-10-28T19:04:58.726Z"}
{"level":"info","message":"::1 - - [28/Oct/2016:19:04:58 +0000] \"GET /libs/bootstrap/dist/css/bootstrap.min.css HTTP/1.1\" 304 -\n","timestamp":"2016-10-28T19:04:58.763Z"}
{"level":"info","message":"::1 - - [28/Oct/2016:19:04:58 +0000] \"GET /libs/bootstrap/dist/css/bootstrap-theme.min.css HTTP/1.1\" 304 -\n","timestamp":"2016-10-28T19:04:58.788Z"}
{"level":"info","message":"::1 - - [28/Oct/2016:19:04:58 +0000] \"GET /libs/bootstrap-submenu/dist/css/bootstrap-submenu.min.css HTTP/1.1\" 304 -\n","timestamp":"2016-10-28T19:04:58.788Z"}
{"level":"info","message":"::1 - - [28/Oct/2016:19:04:58 +0000] \"GET /vendor/octicons/css/octicons.css HTTP/1.1\" 404 45\n","timestamp":"2016-10-28T19:04:58.790Z"}
{"level":"info","message":"::1 - - [28/Oct/2016:19:04:58 +0000] \"GET /vendor/highlight.js/css/zenburn.css HTTP/1.1\" 404 48\n","timestamp":"2016-10-28T19:04:58.790Z"}
{"level":"info","message":"::1 - - [28/Oct/2016:19:04:58 +0000] \"GET /assets/css/docs.css HTTP/1.1\" 404 32\n","timestamp":"2016-10-28T19:04:58.790Z"}
{"level":"info","message":"::1 - - [28/Oct/2016:19:04:58 +0000] \"GET /libs/jquery/dist/jquery.js HTTP/1.1\" 304 -\n","timestamp":"2016-10-28T19:04:58.894Z"}
{"level":"info","message":"::1 - - [28/Oct/2016:19:04:58 +0000] \"GET /libs/bootstrap/dist/js/bootstrap.js HTTP/1.1\" 304 -\n","timestamp":"2016-10-28T19:04:58.897Z"}
{"level":"info","message":"::1 - - [28/Oct/2016:19:04:58 +0000] \"GET /libs/bootstrap-submenu/dist/js/bootstrap-submenu.js HTTP/1.1\" 304 -\n","timestamp":"2016-10-28T19:04:58.898Z"}
{"level":"info","message":"::1 - - [28/Oct/2016:19:04:58 +0000] \"GET /assets/js/docs.js HTTP/1.1\" 404 30\n","timestamp":"2016-10-28T19:04:58.901Z"}
{"level":"info","message":"::1 - - [28/Oct/2016:19:07:12 +0000] \"GET /index.html HTTP/1.1\" 200 10964\n","timestamp":"2016-10-28T19:07:12.623Z"}
{"level":"info","message":"::1 - - [28/Oct/2016:19:07:12 +0000] \"GET /libs/bootstrap/dist/css/bootstrap-theme.min.css HTTP/1.1\" 304 -\n","timestamp":"2016-10-28T19:07:12.656Z"}
{"level":"info","message":"::1 - - [28/Oct/2016:19:07:12 +0000] \"GET /libs/bootstrap/dist/css/bootstrap.min.css HTTP/1.1\" 304 -\n","timestamp":"2016-10-28T19:07:12.656Z"}
{"level":"info","message":"::1 - - [28/Oct/2016:19:07:12 +0000] \"GET /libs/bootstrap-submenu/dist/css/bootstrap-submenu.min.css HTTP/1.1\" 304 -\n","timestamp":"2016-10-28T19:07:12.657Z"}
{"level":"info","message":"::1 - - [28/Oct/2016:19:07:12 +0000] \"GET /vendor/octicons/css/octicons.css HTTP/1.1\" 404 45\n","timestamp":"2016-10-28T19:07:12.658Z"}
{"level":"info","message":"::1 - - [28/Oct/2016:19:07:12 +0000] \"GET /vendor/highlight.js/css/zenburn.css HTTP/1.1\" 404 48\n","timestamp":"2016-10-28T19:07:12.658Z"}
{"level":"info","message":"::1 - - [28/Oct/2016:19:07:12 +0000] \"GET /assets/css/docs.css HTTP/1.1\" 404 32\n","timestamp":"2016-10-28T19:07:12.659Z"}
{"level":"info","message":"::1 - - [28/Oct/2016:19:07:12 +0000] \"GET /libs/jquery/dist/jquery.js HTTP/1.1\" 304 -\n","timestamp":"2016-10-28T19:07:12.671Z"}
{"level":"info","message":"::1 - - [28/Oct/2016:19:07:12 +0000] \"GET /libs/bootstrap/dist/js/bootstrap.js HTTP/1.1\" 304 -\n","timestamp":"2016-10-28T19:07:12.678Z"}
{"level":"info","message":"::1 - - [28/Oct/2016:19:07:12 +0000] \"GET /libs/bootstrap-submenu/dist/js/bootstrap-submenu.js HTTP/1.1\" 304 -\n","timestamp":"2016-10-28T19:07:12.688Z"}
{"level":"info","message":"::1 - - [28/Oct/2016:19:07:12 +0000] \"GET /assets/js/docs.js HTTP/1.1\" 404 30\n","timestamp":"2016-10-28T19:07:12.694Z"}
{"level":"info","message":"::1 - - [28/Oct/2016:19:08:38 +0000] \"GET /index.html HTTP/1.1\" 200 8030\n","timestamp":"2016-10-28T19:08:38.549Z"}
{"level":"info","message":"::1 - - [28/Oct/2016:19:08:38 +0000] \"GET /libs/bootstrap/dist/css/bootstrap.min.css HTTP/1.1\" 304 -\n","timestamp":"2016-10-28T19:08:38.583Z"}
{"level":"info","message":"::1 - - [28/Oct/2016:19:08:38 +0000] \"GET /libs/bootstrap/dist/css/bootstrap-theme.min.css HTTP/1.1\" 304 -\n","timestamp":"2016-10-28T19:08:38.589Z"}
{"level":"info","message":"::1 - - [28/Oct/2016:19:08:38 +0000] \"GET /libs/bootstrap-submenu/dist/css/bootstrap-submenu.min.css HTTP/1.1\" 304 -\n","timestamp":"2016-10-28T19:08:38.590Z"}
{"level":"info","message":"::1 - - [28/Oct/2016:19:08:38 +0000] \"GET /vendor/octicons/css/octicons.css HTTP/1.1\" 404 45\n","timestamp":"2016-10-28T19:08:38.592Z"}
{"level":"info","message":"::1 - - [28/Oct/2016:19:08:38 +0000] \"GET /vendor/highlight.js/css/zenburn.css HTTP/1.1\" 404 48\n","timestamp":"2016-10-28T19:08:38.594Z"}
{"level":"info","message":"::1 - - [28/Oct/2016:19:08:38 +0000] \"GET /assets/css/docs.css HTTP/1.1\" 404 32\n","timestamp":"2016-10-28T19:08:38.598Z"}
{"level":"info","message":"::1 - - [28/Oct/2016:19:08:38 +0000] \"GET /libs/bootstrap/dist/js/bootstrap.js HTTP/1.1\" 304 -\n","timestamp":"2016-10-28T19:08:38.619Z"}
{"level":"info","message":"::1 - - [28/Oct/2016:19:08:38 +0000] \"GET /libs/jquery/dist/jquery.js HTTP/1.1\" 304 -\n","timestamp":"2016-10-28T19:08:38.619Z"}
{"level":"info","message":"::1 - - [28/Oct/2016:19:08:38 +0000] \"GET /libs/bootstrap-submenu/dist/js/bootstrap-submenu.js HTTP/1.1\" 304 -\n","timestamp":"2016-10-28T19:08:38.621Z"}
{"level":"info","message":"::1 - - [28/Oct/2016:19:08:38 +0000] \"GET /assets/js/docs.js HTTP/1.1\" 404 30\n","timestamp":"2016-10-28T19:08:38.623Z"}
{"level":"info","message":"::1 - - [28/Oct/2016:19:14:38 +0000] \"GET /index.html HTTP/1.1\" 200 4991\n","timestamp":"2016-10-28T19:14:38.563Z"}
{"level":"info","message":"::1 - - [28/Oct/2016:19:14:38 +0000] \"GET /libs/bootstrap/dist/css/bootstrap.min.css HTTP/1.1\" 304 -\n","timestamp":"2016-10-28T19:14:38.593Z"}
{"level":"info","message":"::1 - - [28/Oct/2016:19:14:38 +0000] \"GET /libs/bootstrap/dist/css/bootstrap-theme.min.css HTTP/1.1\" 304 -\n","timestamp":"2016-10-28T19:14:38.595Z"}
{"level":"info","message":"::1 - - [28/Oct/2016:19:14:38 +0000] \"GET /vendor/octicons/css/octicons.css HTTP/1.1\" 404 45\n","timestamp":"2016-10-28T19:14:38.599Z"}
{"level":"info","message":"::1 - - [28/Oct/2016:19:14:38 +0000] \"GET /vendor/highlight.js/css/zenburn.css HTTP/1.1\" 404 48\n","timestamp":"2016-10-28T19:14:38.600Z"}
{"level":"info","message":"::1 - - [28/Oct/2016:19:14:38 +0000] \"GET /libs/bootstrap-submenu/dist/css/bootstrap-submenu.min.css HTTP/1.1\" 304 -\n","timestamp":"2016-10-28T19:14:38.601Z"}
{"level":"info","message":"::1 - - [28/Oct/2016:19:14:38 +0000] \"GET /assets/css/docs.css HTTP/1.1\" 404 32\n","timestamp":"2016-10-28T19:14:38.601Z"}
{"level":"info","message":"::1 - - [28/Oct/2016:19:14:38 +0000] \"GET /libs/jquery/dist/jquery.js HTTP/1.1\" 304 -\n","timestamp":"2016-10-28T19:14:38.605Z"}
{"level":"info","message":"::1 - - [28/Oct/2016:19:14:38 +0000] \"GET /libs/bootstrap-submenu/dist/js/bootstrap-submenu.js HTTP/1.1\" 304 -\n","timestamp":"2016-10-28T19:14:38.721Z"}
{"level":"info","message":"::1 - - [28/Oct/2016:19:14:38 +0000] \"GET /libs/bootstrap/dist/js/bootstrap.js HTTP/1.1\" 304 -\n","timestamp":"2016-10-28T19:14:38.727Z"}
{"level":"info","message":"::1 - - [28/Oct/2016:19:14:38 +0000] \"GET /assets/js/docs.js HTTP/1.1\" 404 30\n","timestamp":"2016-10-28T19:14:38.762Z"}
{"level":"info","message":"::1 - - [28/Oct/2016:19:16:41 +0000] \"GET /index.html HTTP/1.1\" 200 4991\n","timestamp":"2016-10-28T19:16:41.904Z"}
{"level":"info","message":"::1 - - [28/Oct/2016:19:16:41 +0000] \"GET /libs/bootstrap/dist/css/bootstrap.min.css HTTP/1.1\" 304 -\n","timestamp":"2016-10-28T19:16:41.946Z"}
{"level":"info","message":"::1 - - [28/Oct/2016:19:16:41 +0000] \"GET /libs/bootstrap/dist/css/bootstrap-theme.min.css HTTP/1.1\" 304 -\n","timestamp":"2016-10-28T19:16:41.946Z"}
{"level":"info","message":"::1 - - [28/Oct/2016:19:16:41 +0000] \"GET /libs/bootstrap-submenu/dist/css/bootstrap-submenu.min.css HTTP/1.1\" 304 -\n","timestamp":"2016-10-28T19:16:41.947Z"}
{"level":"info","message":"::1 - - [28/Oct/2016:19:16:41 +0000] \"GET /vendor/octicons/css/octicons.css HTTP/1.1\" 404 45\n","timestamp":"2016-10-28T19:16:41.948Z"}
{"level":"info","message":"::1 - - [28/Oct/2016:19:16:41 +0000] \"GET /vendor/highlight.js/css/zenburn.css HTTP/1.1\" 404 48\n","timestamp":"2016-10-28T19:16:41.949Z"}
{"level":"info","message":"::1 - - [28/Oct/2016:19:16:41 +0000] \"GET /assets/css/docs.css HTTP/1.1\" 404 32\n","timestamp":"2016-10-28T19:16:41.950Z"}
{"level":"info","message":"::1 - - [28/Oct/2016:19:16:41 +0000] \"GET /libs/jquery/dist/jquery.js HTTP/1.1\" 304 -\n","timestamp":"2016-10-28T19:16:41.962Z"}
{"level":"info","message":"::1 - - [28/Oct/2016:19:16:41 +0000] \"GET /libs/bootstrap/dist/js/bootstrap.js HTTP/1.1\" 304 -\n","timestamp":"2016-10-28T19:16:41.963Z"}
{"level":"info","message":"::1 - - [28/Oct/2016:19:16:41 +0000] \"GET /libs/bootstrap-submenu/dist/js/bootstrap-submenu.js HTTP/1.1\" 304 -\n","timestamp":"2016-10-28T19:16:41.964Z"}
{"level":"info","message":"::1 - - [28/Oct/2016:19:16:41 +0000] \"GET /assets/js/docs.js HTTP/1.1\" 404 30\n","timestamp":"2016-10-28T19:16:41.981Z"}
{"level":"info","message":"::1 - - [28/Oct/2016:19:16:42 +0000] \"GET /assets/js/docs.js HTTP/1.1\" 404 30\n","timestamp":"2016-10-28T19:16:42.041Z"}
{"level":"info","message":"::1 - - [28/Oct/2016:19:23:19 +0000] \"GET /index.html HTTP/1.1\" 200 4782\n","timestamp":"2016-10-28T19:23:19.807Z"}
{"level":"info","message":"::1 - - [28/Oct/2016:19:23:19 +0000] \"GET /libs/bootstrap/dist/css/bootstrap.min.css HTTP/1.1\" 304 -\n","timestamp":"2016-10-28T19:23:19.851Z"}
{"level":"info","message":"::1 - - [28/Oct/2016:19:23:19 +0000] \"GET /libs/bootstrap/dist/css/bootstrap-theme.min.css HTTP/1.1\" 304 -\n","timestamp":"2016-10-28T19:23:19.852Z"}
{"level":"info","message":"::1 - - [28/Oct/2016:19:23:19 +0000] \"GET /libs/bootstrap-submenu/dist/css/bootstrap-submenu.min.css HTTP/1.1\" 304 -\n","timestamp":"2016-10-28T19:23:19.853Z"}
{"level":"info","message":"::1 - - [28/Oct/2016:19:23:19 +0000] \"GET /libs/jquery/dist/jquery.js HTTP/1.1\" 304 -\n","timestamp":"2016-10-28T19:23:19.854Z"}
{"level":"info","message":"::1 - - [28/Oct/2016:19:23:19 +0000] \"GET /libs/bootstrap/dist/js/bootstrap.js HTTP/1.1\" 304 -\n","timestamp":"2016-10-28T19:23:19.854Z"}
{"level":"info","message":"::1 - - [28/Oct/2016:19:23:19 +0000] \"GET /libs/bootstrap-submenu/dist/js/bootstrap-submenu.js HTTP/1.1\" 304 -\n","timestamp":"2016-10-28T19:23:19.859Z"}
{"level":"info","message":"::1 - - [28/Oct/2016:19:23:19 +0000] \"GET /libs/angular/angular.min.js HTTP/1.1\" 304 -\n","timestamp":"2016-10-28T19:23:19.860Z"}
{"level":"info","message":"::1 - - [28/Oct/2016:19:23:19 +0000] \"GET /libs/angular-bootstrap/ui-bootstrap.min.js HTTP/1.1\" 304 -\n","timestamp":"2016-10-28T19:23:19.861Z"}
{"level":"info","message":"::1 - - [28/Oct/2016:19:23:19 +0000] \"GET /modules/module.js HTTP/1.1\" 200 57\n","timestamp":"2016-10-28T19:23:19.872Z"}
{"level":"info","message":"::1 - - [28/Oct/2016:19:35:52 +0000] \"GET /index.html HTTP/1.1\" 200 4948\n","timestamp":"2016-10-28T19:35:52.412Z"}
{"level":"info","message":"::1 - - [28/Oct/2016:19:35:52 +0000] \"GET /libs/bootstrap/dist/css/bootstrap.min.css HTTP/1.1\" 304 -\n","timestamp":"2016-10-28T19:35:52.454Z"}
{"level":"info","message":"::1 - - [28/Oct/2016:19:35:52 +0000] \"GET /libs/bootstrap/dist/css/bootstrap-theme.min.css HTTP/1.1\" 304 -\n","timestamp":"2016-10-28T19:35:52.455Z"}
{"level":"info","message":"::1 - - [28/Oct/2016:19:35:52 +0000] \"GET /libs/bootstrap-submenu/dist/css/bootstrap-submenu.min.css HTTP/1.1\" 304 -\n","timestamp":"2016-10-28T19:35:52.455Z"}
{"level":"info","message":"::1 - - [28/Oct/2016:19:35:52 +0000] \"GET /libs/jquery/dist/jquery.js HTTP/1.1\" 304 -\n","timestamp":"2016-10-28T19:35:52.456Z"}
{"level":"info","message":"::1 - - [28/Oct/2016:19:35:52 +0000] \"GET /libs/bootstrap/dist/js/bootstrap.js HTTP/1.1\" 304 -\n","timestamp":"2016-10-28T19:35:52.468Z"}
{"level":"info","message":"::1 - - [28/Oct/2016:19:35:52 +0000] \"GET /libs/bootstrap-submenu/dist/js/bootstrap-submenu.js HTTP/1.1\" 304 -\n","timestamp":"2016-10-28T19:35:52.469Z"}
{"level":"info","message":"::1 - - [28/Oct/2016:19:35:52 +0000] \"GET /libs/angular/angular.min.js HTTP/1.1\" 304 -\n","timestamp":"2016-10-28T19:35:52.470Z"}
{"level":"info","message":"::1 - - [28/Oct/2016:19:35:52 +0000] \"GET /libs/angular-bootstrap/ui-bootstrap.min.js HTTP/1.1\" 304 -\n","timestamp":"2016-10-28T19:35:52.472Z"}
{"level":"info","message":"::1 - - [28/Oct/2016:19:35:52 +0000] \"GET /js/modules/main-module.js HTTP/1.1\" 200 57\n","timestamp":"2016-10-28T19:35:52.481Z"}
{"level":"info","message":"::1 - - [28/Oct/2016:19:35:52 +0000] \"GET /js/modules/lote-module.js HTTP/1.1\" 200 35\n","timestamp":"2016-10-28T19:35:52.482Z"}
{"level":"info","message":"::1 - - [28/Oct/2016:19:36:07 +0000] \"GET /index.html HTTP/1.1\" 200 4939\n","timestamp":"2016-10-28T19:36:07.789Z"}
{"level":"info","message":"::1 - - [28/Oct/2016:19:36:07 +0000] \"GET /libs/bootstrap/dist/css/bootstrap.min.css HTTP/1.1\" 304 -\n","timestamp":"2016-10-28T19:36:07.816Z"}
{"level":"info","message":"::1 - - [28/Oct/2016:19:36:07 +0000] \"GET /libs/bootstrap/dist/css/bootstrap-theme.min.css HTTP/1.1\" 304 -\n","timestamp":"2016-10-28T19:36:07.820Z"}
{"level":"info","message":"::1 - - [28/Oct/2016:19:36:07 +0000] \"GET /libs/bootstrap-submenu/dist/css/bootstrap-submenu.min.css HTTP/1.1\" 304 -\n","timestamp":"2016-10-28T19:36:07.825Z"}
{"level":"info","message":"::1 - - [28/Oct/2016:19:36:07 +0000] \"GET /libs/jquery/dist/jquery.js HTTP/1.1\" 304 -\n","timestamp":"2016-10-28T19:36:07.829Z"}
{"level":"info","message":"::1 - - [28/Oct/2016:19:36:07 +0000] \"GET /libs/bootstrap/dist/js/bootstrap.js HTTP/1.1\" 304 -\n","timestamp":"2016-10-28T19:36:07.830Z"}
{"level":"info","message":"::1 - - [28/Oct/2016:19:36:07 +0000] \"GET /libs/bootstrap-submenu/dist/js/bootstrap-submenu.js HTTP/1.1\" 304 -\n","timestamp":"2016-10-28T19:36:07.847Z"}
{"level":"info","message":"::1 - - [28/Oct/2016:19:36:07 +0000] \"GET /libs/angular/angular.min.js HTTP/1.1\" 304 -\n","timestamp":"2016-10-28T19:36:07.849Z"}
{"level":"info","message":"::1 - - [28/Oct/2016:19:36:07 +0000] \"GET /libs/angular-bootstrap/ui-bootstrap.min.js HTTP/1.1\" 304 -\n","timestamp":"2016-10-28T19:36:07.849Z"}
{"level":"info","message":"::1 - - [28/Oct/2016:19:36:07 +0000] \"GET /js/modules/main-module.js HTTP/1.1\" 304 -\n","timestamp":"2016-10-28T19:36:07.850Z"}
{"level":"info","message":"::1 - - [28/Oct/2016:19:36:07 +0000] \"GET /js/modules/lote-module.js HTTP/1.1\" 304 -\n","timestamp":"2016-10-28T19:36:07.851Z"}
